<?xml version="1.0" encoding="UTF-8"?>
<!-- Generated by org.testng.reporters.JUnitReportReporter -->
<testsuite hostname="DESKTOP-9CMKQ9G" failures="0" tests="7" name="btcTestSuite.TC_CreateWallet" time="15.082" errors="0" timestamp="20 Jul 2018 09:07:18 GMT" skipped="0">
  <testcase classname="btcTestSuite.TC_CreateWallet" name="ConfirmWithWorngPassword" time="0.996"/>
  <testcase classname="btcTestSuite.TC_CreateWallet" name="withBlankUserID" time="0.471"/>
  <testcase classname="btcTestSuite.TC_CreateWallet" name="withBlankPassword" time="0.565"/>
  <testcase classname="btcTestSuite.TC_CreateWallet" name="withBlankUserandPassword" time="0.399"/>
  <testcase classname="btcTestSuite.TC_CreateWallet" name="withJunkLongUserandPassword" time="5.779"/>
  <testcase classname="btcTestSuite.TC_CreateWallet" name="termsOfServiceLink" time="1.233"/>
  <testcase classname="btcTestSuite.TC_CreateWallet" name="createWallet" time="5.639"/>
</testsuite> <!-- btcTestSuite.TC_CreateWallet -->
