<?xml version="1.0" encoding="UTF-8"?>
<!-- Generated by org.testng.reporters.JUnitReportReporter -->
<testsuite hostname="DESKTOP-9CMKQ9G" failures="0" tests="2" name="btcTestSuite.SignInWallet3" time="62.712" errors="0" timestamp="16 Apr 2018 16:29:11 GMT" skipped="0">
  <testcase classname="btcTestSuite.SignInWallet3" name="checkPageHeadingandURL" time="23.832"/>
  <testcase classname="btcTestSuite.SignInWallet3" name="trasactionVerify1234" time="38.880"/>
</testsuite> <!-- btcTestSuite.SignInWallet3 -->
