<?xml version="1.0" encoding="UTF-8"?>
<!-- Generated by org.testng.reporters.JUnitReportReporter -->
<testsuite hostname="DESKTOP-9CMKQ9G" failures="0" tests="1" name="btcTestSuite.CalculateExchangeRates" time="18.432" errors="0" timestamp="16 Apr 2018 16:29:11 GMT" skipped="0">
  <testcase classname="btcTestSuite.CalculateExchangeRates" name="checkExchange" time="18.432"/>
</testsuite> <!-- btcTestSuite.CalculateExchangeRates -->
