<?xml version="1.0" encoding="UTF-8"?>
<!-- Generated by org.testng.reporters.JUnitReportReporter -->
<testsuite hostname="DESKTOP-9CMKQ9G" failures="0" tests="1" name="btcTestSuite.ReadTextFromPDF" time="0.495" errors="0" timestamp="28 Mar 2018 08:25:40 GMT" skipped="0">
  <testcase classname="btcTestSuite.ReadTextFromPDF" name="readPDF" time="0.495"/>
</testsuite> <!-- btcTestSuite.ReadTextFromPDF -->
