<?xml version="1.0" encoding="UTF-8"?>
<!-- Generated by org.testng.reporters.JUnitReportReporter -->
<testsuite hostname="DESKTOP-9CMKQ9G" failures="0" tests="7" name="btcTestSuite.TC_CreateWallet" time="14.311" errors="0" timestamp="27 Mar 2018 08:32:45 GMT" skipped="0">
  <testcase classname="btcTestSuite.TC_CreateWallet" name="ConfirmWithWorngPassword" time="0.884"/>
  <testcase classname="btcTestSuite.TC_CreateWallet" name="withBlankUserID" time="0.406"/>
  <testcase classname="btcTestSuite.TC_CreateWallet" name="withBlankPassword" time="0.496"/>
  <testcase classname="btcTestSuite.TC_CreateWallet" name="withBlankUserandPassword" time="0.357"/>
  <testcase classname="btcTestSuite.TC_CreateWallet" name="withJunkLongUserandPassword" time="5.726"/>
  <testcase classname="btcTestSuite.TC_CreateWallet" name="termsOfServiceLink" time="1.259"/>
  <testcase classname="btcTestSuite.TC_CreateWallet" name="createWallet" time="5.183"/>
</testsuite> <!-- btcTestSuite.TC_CreateWallet -->
