<?xml version="1.0" encoding="UTF-8"?>
<!-- Generated by org.testng.reporters.JUnitReportReporter -->
<testsuite hostname="DESKTOP-9CMKQ9G" failures="0" tests="7" name="btcTestSuite.TC_CreateWallet" time="14.493" errors="0" timestamp="04 Apr 2018 12:49:24 GMT" skipped="0">
  <testcase classname="btcTestSuite.TC_CreateWallet" name="ConfirmWithWorngPassword" time="0.910"/>
  <testcase classname="btcTestSuite.TC_CreateWallet" name="withBlankUserID" time="0.413"/>
  <testcase classname="btcTestSuite.TC_CreateWallet" name="withBlankPassword" time="0.506"/>
  <testcase classname="btcTestSuite.TC_CreateWallet" name="withBlankUserandPassword" time="0.334"/>
  <testcase classname="btcTestSuite.TC_CreateWallet" name="withJunkLongUserandPassword" time="5.777"/>
  <testcase classname="btcTestSuite.TC_CreateWallet" name="termsOfServiceLink" time="1.240"/>
  <testcase classname="btcTestSuite.TC_CreateWallet" name="createWallet" time="5.313"/>
</testsuite> <!-- btcTestSuite.TC_CreateWallet -->
