<?xml version="1.0" encoding="UTF-8"?>
<!-- Generated by org.testng.reporters.JUnitReportReporter -->
<testsuite hostname="DESKTOP-9CMKQ9G" failures="0" tests="1" name="btcTestSuite.SignInWallet" time="32.751" errors="0" timestamp="07 Mar 2018 11:01:00 GMT" skipped="0">
  <testcase classname="btcTestSuite.SignInWallet" name="createWallet" time="32.751"/>
</testsuite> <!-- btcTestSuite.SignInWallet -->
