<?xml version="1.0" encoding="UTF-8"?>
<!-- Generated by org.testng.reporters.JUnitReportReporter -->
<testsuite hostname="DESKTOP-9CMKQ9G" failures="0" tests="2" name="btcTestSuite.SignInWallet3" time="64.390" errors="0" timestamp="20 Jul 2018 09:07:18 GMT" skipped="0">
  <testcase classname="btcTestSuite.SignInWallet3" name="checkPageHeadingandURL" time="25.081"/>
  <testcase classname="btcTestSuite.SignInWallet3" name="trasactionVerify1234" time="39.309"/>
</testsuite> <!-- btcTestSuite.SignInWallet3 -->
