<?xml version="1.0" encoding="UTF-8"?>
<!-- Generated by org.testng.reporters.JUnitReportReporter -->
<testsuite skipped="0" hostname="DESKTOP-0CMJG77" name="btcTestSuite.TC_CreateWallet" tests="7" failures="0" timestamp="26 Jul 2018 10:56:10 GMT" time="14.857" errors="0">
  <testcase name="ConfirmWithWorngPassword" time="0.913" classname="btcTestSuite.TC_CreateWallet"/>
  <testcase name="withBlankUserID" time="0.467" classname="btcTestSuite.TC_CreateWallet"/>
  <testcase name="withBlankPassword" time="0.613" classname="btcTestSuite.TC_CreateWallet"/>
  <testcase name="withBlankUserandPassword" time="0.398" classname="btcTestSuite.TC_CreateWallet"/>
  <testcase name="withJunkLongUserandPassword" time="5.761" classname="btcTestSuite.TC_CreateWallet"/>
  <testcase name="termsOfServiceLink" time="1.188" classname="btcTestSuite.TC_CreateWallet"/>
  <testcase name="createWallet" time="5.517" classname="btcTestSuite.TC_CreateWallet"/>
</testsuite> <!-- btcTestSuite.TC_CreateWallet -->
