<?xml version="1.0" encoding="UTF-8"?>
<!-- Generated by org.testng.reporters.JUnitReportReporter -->
<testsuite hostname="DESKTOP-9CMKQ9G" failures="0" tests="1" name="btcTestSuite.CalculateExchangeRates2" time="8.186" errors="0" timestamp="04 Jul 2018 09:57:13 GMT" skipped="0">
  <testcase classname="btcTestSuite.CalculateExchangeRates2" name="coinCurrencyExchange" time="8.186"/>
</testsuite> <!-- btcTestSuite.CalculateExchangeRates2 -->
