<?xml version="1.0" encoding="UTF-8"?>
<!-- Generated by org.testng.reporters.JUnitReportReporter -->
<testsuite hostname="DESKTOP-9CMKQ9G" failures="0" tests="1" name="BTC.BTCcom.TC001" time="3.442" errors="0" timestamp="05 Mar 2018 12:16:59 GMT" skipped="0">
  <testcase classname="BTC.BTCcom.TC001" name="TC0001" time="3.442"/>
</testsuite> <!-- BTC.BTCcom.TC001 -->
