<?xml version="1.0" encoding="UTF-8"?>
<!-- Generated by org.testng.reporters.JUnitReportReporter -->
<testsuite hostname="DESKTOP-9CMKQ9G" failures="0" tests="1" name="btcTestSuite.PasswordRecovery" time="39.776" errors="0" timestamp="16 Apr 2018 09:07:02 GMT" skipped="0">
  <testcase classname="btcTestSuite.PasswordRecovery" name="passwordRecovery" time="39.776"/>
</testsuite> <!-- btcTestSuite.PasswordRecovery -->
