<?xml version="1.0" encoding="UTF-8"?>
<!-- Generated by org.testng.reporters.JUnitReportReporter -->
<testsuite hostname="DESKTOP-9CMKQ9G" failures="0" tests="7" name="btcTestSuite.TC_CreateWallet" time="19.128" errors="0" timestamp="16 Apr 2018 13:15:46 GMT" skipped="0">
  <testcase classname="btcTestSuite.TC_CreateWallet" name="ConfirmWithWorngPassword" time="0.866"/>
  <testcase classname="btcTestSuite.TC_CreateWallet" name="withBlankUserID" time="0.416"/>
  <testcase classname="btcTestSuite.TC_CreateWallet" name="withBlankPassword" time="0.452"/>
  <testcase classname="btcTestSuite.TC_CreateWallet" name="withBlankUserandPassword" time="0.340"/>
  <testcase classname="btcTestSuite.TC_CreateWallet" name="withJunkLongUserandPassword" time="5.719"/>
  <testcase classname="btcTestSuite.TC_CreateWallet" name="termsOfServiceLink" time="3.546"/>
  <testcase classname="btcTestSuite.TC_CreateWallet" name="createWallet" time="7.789"/>
</testsuite> <!-- btcTestSuite.TC_CreateWallet -->
