<?xml version="1.0" encoding="UTF-8"?>
<!-- Generated by org.testng.reporters.JUnitReportReporter -->
<testsuite hostname="DESKTOP-9CMKQ9G" failures="0" tests="7" name="btcTestSuite.TC_CreateWallet" time="15.253" errors="0" timestamp="16 Apr 2018 16:29:11 GMT" skipped="0">
  <testcase classname="btcTestSuite.TC_CreateWallet" name="ConfirmWithWorngPassword" time="0.883"/>
  <testcase classname="btcTestSuite.TC_CreateWallet" name="withBlankUserID" time="0.439"/>
  <testcase classname="btcTestSuite.TC_CreateWallet" name="withBlankPassword" time="0.502"/>
  <testcase classname="btcTestSuite.TC_CreateWallet" name="withBlankUserandPassword" time="0.353"/>
  <testcase classname="btcTestSuite.TC_CreateWallet" name="withJunkLongUserandPassword" time="5.751"/>
  <testcase classname="btcTestSuite.TC_CreateWallet" name="termsOfServiceLink" time="1.725"/>
  <testcase classname="btcTestSuite.TC_CreateWallet" name="createWallet" time="5.600"/>
</testsuite> <!-- btcTestSuite.TC_CreateWallet -->
