<?xml version="1.0" encoding="UTF-8"?>
<!-- Generated by org.testng.reporters.JUnitReportReporter -->
<testsuite hostname="DESKTOP-9CMKQ9G" failures="0" tests="1" name="btcTestSuite.SignInWallet" time="56.398" errors="0" timestamp="27 Mar 2018 08:29:53 GMT" skipped="0">
  <testcase classname="btcTestSuite.SignInWallet" name="createWallet" time="56.398"/>
</testsuite> <!-- btcTestSuite.SignInWallet -->
