<?xml version="1.0" encoding="UTF-8"?>
<!-- Generated by org.testng.reporters.JUnitReportReporter -->
<testsuite hostname="DESKTOP-9CMKQ9G" failures="0" tests="1" name="btcTestSuite.CalculateExchangeRates2" time="6.418" errors="0" timestamp="09 Apr 2018 08:56:37 GMT" skipped="0">
  <testcase classname="btcTestSuite.CalculateExchangeRates2" name="coinCurrencyExchange" time="6.418"/>
</testsuite> <!-- btcTestSuite.CalculateExchangeRates2 -->
