<?xml version="1.0" encoding="UTF-8"?>
<!-- Generated by org.testng.reporters.JUnitReportReporter -->
<testsuite hostname="DESKTOP-9CMKQ9G" failures="0" tests="1" name="btcTestSuite.HomePage" time="0.011" errors="0" timestamp="26 Mar 2018 11:51:36 GMT" skipped="0">
  <testcase classname="btcTestSuite.HomePage" name="trail" time="0.011"/>
</testsuite> <!-- btcTestSuite.HomePage -->
