<?xml version="1.0" encoding="UTF-8"?>
<!-- Generated by org.testng.reporters.JUnitReportReporter -->
<testsuite hostname="DESKTOP-9CMKQ9G" failures="0" tests="1" name="btcTestSuite.readPDF123" time="0.499" errors="0" timestamp="28 Mar 2018 08:49:12 GMT" skipped="0">
  <testcase classname="btcTestSuite.readPDF123" name="readPDF" time="0.499"/>
</testsuite> <!-- btcTestSuite.readPDF123 -->
